Performing C++ SOURCE FILE Test CMAKE_HAVE_LIBC_PTHREAD failed with the following output:
Change Dir: /home/mahdi/CLionProjects/QtVLC/cmake-build-debug/CMakeFiles/CMakeTmp

Run Build Command(s):/home/mahdi/.local/share/JetBrains/Toolbox/apps/CLion/ch-0/213.7172.20/bin/ninja/linux/ninja cmTC_bf0a8 && [1/2] Building CXX object CMakeFiles/cmTC_bf0a8.dir/src.cxx.o
[2/2] Linking CXX executable cmTC_bf0a8
FAILED: cmTC_bf0a8 
: && /usr/bin/c++   CMakeFiles/cmTC_bf0a8.dir/src.cxx.o -o cmTC_bf0a8   && :
/usr/bin/ld: CMakeFiles/cmTC_bf0a8.dir/src.cxx.o: in function `main':
src.cxx:(.text+0x46): undefined reference to `pthread_create'
/usr/bin/ld: src.cxx:(.text+0x52): undefined reference to `pthread_detach'
/usr/bin/ld: src.cxx:(.text+0x5e): undefined reference to `pthread_cancel'
/usr/bin/ld: src.cxx:(.text+0x6f): undefined reference to `pthread_join'
collect2: error: ld returned 1 exit status
ninja: build stopped: subcommand failed.


Source file was:
#include <pthread.h>

static void* test_func(void* data)
{
  return data;
}

int main(void)
{
  pthread_t thread;
  pthread_create(&thread, NULL, test_func, NULL);
  pthread_detach(thread);
  pthread_cancel(thread);
  pthread_join(thread, NULL);
  pthread_atfork(NULL, NULL, NULL);
  pthread_exit(NULL);

  return 0;
}

Determining if the function pthread_create exists in the pthreads failed with the following output:
Change Dir: /home/mahdi/CLionProjects/QtVLC/cmake-build-debug/CMakeFiles/CMakeTmp

Run Build Command(s):/home/mahdi/.local/share/JetBrains/Toolbox/apps/CLion/ch-0/213.7172.20/bin/ninja/linux/ninja cmTC_ed0b0 && [1/2] Building CXX object CMakeFiles/cmTC_ed0b0.dir/CheckFunctionExists.cxx.o
[2/2] Linking CXX executable cmTC_ed0b0
FAILED: cmTC_ed0b0 
: && /usr/bin/c++ -DCHECK_FUNCTION_EXISTS=pthread_create  CMakeFiles/cmTC_ed0b0.dir/CheckFunctionExists.cxx.o -o cmTC_ed0b0  -lpthreads && :
/usr/bin/ld: cannot find -lpthreads
collect2: error: ld returned 1 exit status
ninja: build stopped: subcommand failed.



